Using pre-set license
Built from '2020.2/release' branch; Version is '2020.2.2f1 (068178b99f32) revision 426360'; Using compiler version '192528614'; Build Type 'Release'
OS: 'Windows 10 Enterprise; OS build 18363.1500; Version 1909; 64bit' Language: 'en' Physical Memory: 16304 MB
BatchMode: 1, IsHumanControllingUs: 0, StartBugReporterOnCrash: 0, Is64bit: 1, IsPro: 0

 COMMAND LINE ARGUMENTS:
C:\Program Files\Unity\Hub\Editor\2020.2.2f1\Editor\Unity.exe
-adb2
-batchMode
-noUpm
-name
AssetImportWorker0
-projectPath
C:/Users/cleon.huang/Documents/GitHub/One-Button-Game
-logFile
Logs/AssetImportWorker0.log
-srvPort
60012
Successfully changed project path to: C:/Users/cleon.huang/Documents/GitHub/One-Button-Game
C:/Users/cleon.huang/Documents/GitHub/One-Button-Game
Using Asset Import Pipeline V2.
Refreshing native plugins compatible for Editor in 38.66 ms, found 1 plugins.
Preloading 0 native plugins for Editor in 0.00 ms.
Initialize engine version: 2020.2.2f1 (068178b99f32)
[Subsystems] Discovering subsystems at path C:/Program Files/Unity/Hub/Editor/2020.2.2f1/Editor/Data/Resources/UnitySubsystems
[Subsystems] Discovering subsystems at path C:/Users/cleon.huang/Documents/GitHub/One-Button-Game/Assets
GfxDevice: creating device client; threaded=0
Direct3D:
    Version:  Direct3D 11.0 [level 11.0]
    Renderer: NVIDIA Quadro K2200  (ID=0x13ba)
    Vendor:   
    VRAM:     4035 MB
    Driver:   10.18.13.5362
Initialize mono
Mono path[0] = 'C:/Program Files/Unity/Hub/Editor/2020.2.2f1/Editor/Data/Managed'
Mono path[1] = 'C:/Program Files/Unity/Hub/Editor/2020.2.2f1/Editor/Data/MonoBleedingEdge/lib/mono/unityjit'
Mono config path = 'C:/Program Files/Unity/Hub/Editor/2020.2.2f1/Editor/Data/MonoBleedingEdge/etc'
Using monoOptions --debugger-agent=transport=dt_socket,embedding=1,server=y,suspend=n,address=127.0.0.1:56112
Begin MonoManager ReloadAssembly
Registering precompiled unity dll's ...
Register platform support module: C:/Program Files/Unity/Hub/Editor/2020.2.2f1/Editor/Data/PlaybackEngines/WindowsStandaloneSupport/UnityEditor.WindowsStandalone.Extensions.dll
Registered in 0.001181 seconds.
Native extension for WindowsStandalone target not found
Refreshing native plugins compatible for Editor in 34.89 ms, found 1 plugins.
Preloading 0 native plugins for Editor in 0.00 ms.
Invoked RoslynAnalysisRunner static constructor.
RoslynAnalysisRunner will not be running.
RoslynAnalysisRunner has terminated.
Mono: successfully reloaded assembly
- Completed reload, in  0.904 seconds
Platform modules already initialized, skipping
Registering precompiled user dll's ...
Registered in 0.000764 seconds.
Begin MonoManager ReloadAssembly
Native extension for WindowsStandalone target not found
Refreshing native plugins compatible for Editor in 38.98 ms, found 1 plugins.
Preloading 0 native plugins for Editor in 0.00 ms.
Invoked RoslynAnalysisRunner static constructor.
RoslynAnalysisRunner will not be running.
RoslynAnalysisRunner has terminated.
Mono: successfully reloaded assembly
- Completed reload, in  0.894 seconds
Platform modules already initialized, skipping
========================================================================
Worker process is ready to serve import requests
Launched and connected shader compiler UnityShaderCompiler.exe after 0.05 seconds
Refreshing native plugins compatible for Editor in 0.36 ms, found 1 plugins.
Preloading 0 native plugins for Editor in 0.00 ms.
Unloading 1798 Unused Serialized files (Serialized files now loaded: 0)
System memory in use before: 84.3 MB.
System memory in use after: 84.4 MB.

Unloading 19 unused Assets to reduce memory usage. Loaded Objects now: 2245.
Total: 2.296900 ms (FindLiveObjects: 0.194100 ms CreateObjectMapping: 0.048800 ms MarkObjects: 1.905500 ms  DeleteObjects: 0.147700 ms)

========================================================================
Received Import Request.
  path: Assets/One Button Game/Scripts/TopMove.cs
  artifactKey: Guid(bc0b12e4f4cb1124d9463d04ceb661c4) Importer(815301076,1909f56bfc062723c751e8b465ee728b)
Start importing Assets/One Button Game/Scripts/TopMove.cs using Guid(bc0b12e4f4cb1124d9463d04ceb661c4) Importer(815301076,1909f56bfc062723c751e8b465ee728b)  -> (artifact id: '34b4f7b15d25754f385bc81d56d6af92') in 0.032802 seconds
  Import took 0.037685 seconds .

========================================================================
Received Import Request.
  Time since last request: 0.000268 seconds.
  path: Assets/One Button Game/Scripts/Spawn.cs
  artifactKey: Guid(a832d6568f9029d47a7639e41764fddf) Importer(815301076,1909f56bfc062723c751e8b465ee728b)
Start importing Assets/One Button Game/Scripts/Spawn.cs using Guid(a832d6568f9029d47a7639e41764fddf) Importer(815301076,1909f56bfc062723c751e8b465ee728b)  -> (artifact id: 'bd38634bf1c3966b7daa935e774ed607') in 0.006638 seconds
  Import took 0.011388 seconds .

========================================================================
Received Import Request.
  Time since last request: 0.000211 seconds.
  path: Assets/One Button Game/Scripts/TopMove.cs
  artifactKey: Guid(bc0b12e4f4cb1124d9463d04ceb661c4) Importer(815301076,1909f56bfc062723c751e8b465ee728b)
Start importing Assets/One Button Game/Scripts/TopMove.cs using Guid(bc0b12e4f4cb1124d9463d04ceb661c4) Importer(815301076,1909f56bfc062723c751e8b465ee728b)  -> (artifact id: '34b4f7b15d25754f385bc81d56d6af92') in 0.002476 seconds
  Import took 0.005790 seconds .

========================================================================
Received Import Request.
  Time since last request: 0.000300 seconds.
  path: Assets/One Button Game/Scripts/EnterBottomBox.cs
  artifactKey: Guid(0091aee2fc83c814887cf3eedcb590f9) Importer(815301076,1909f56bfc062723c751e8b465ee728b)
Start importing Assets/One Button Game/Scripts/EnterBottomBox.cs using Guid(0091aee2fc83c814887cf3eedcb590f9) Importer(815301076,1909f56bfc062723c751e8b465ee728b)  -> (artifact id: '33263502cc841b9c999fd6a5068c2fac') in 0.005981 seconds
  Import took 0.009307 seconds .

========================================================================
Received Import Request.
  Time since last request: 2140.304761 seconds.
  path: Assets/One Button Game/Scripts/WinAndLose.cs
  artifactKey: Guid(ec5d599767ba049448b6bbe35caa31fe) Importer(815301076,1909f56bfc062723c751e8b465ee728b)
Start importing Assets/One Button Game/Scripts/WinAndLose.cs using Guid(ec5d599767ba049448b6bbe35caa31fe) Importer(815301076,1909f56bfc062723c751e8b465ee728b)  -> (artifact id: '8a6640b6678b4b6a523f548e43f8201b') in 0.007008 seconds
  Import took 0.012524 seconds .

========================================================================
Received Prepare
Registering precompiled user dll's ...
Registered in 0.000885 seconds.
Begin MonoManager ReloadAssembly
Native extension for WindowsStandalone target not found
Refreshing native plugins compatible for Editor in 0.33 ms, found 1 plugins.
Preloading 0 native plugins for Editor in 0.00 ms.
Invoked RoslynAnalysisRunner static constructor.
RoslynAnalysisRunner will not be running.
RoslynAnalysisRunner has terminated.
Mono: successfully reloaded assembly
- Completed reload, in  0.824 seconds
Platform modules already initialized, skipping
Refreshing native plugins compatible for Editor in 0.35 ms, found 1 plugins.
Preloading 0 native plugins for Editor in 0.00 ms.
Unloading 1789 Unused Serialized files (Serialized files now loaded: 0)
System memory in use before: 84.0 MB.
System memory in use after: 84.1 MB.

Unloading 7 unused Assets to reduce memory usage. Loaded Objects now: 2249.
Total: 1.786900 ms (FindLiveObjects: 0.260700 ms CreateObjectMapping: 0.059800 ms MarkObjects: 1.444700 ms  DeleteObjects: 0.021000 ms)

========================================================================
Received Prepare
Registering precompiled user dll's ...
Registered in 0.000852 seconds.
Begin MonoManager ReloadAssembly
Native extension for WindowsStandalone target not found
Refreshing native plugins compatible for Editor in 0.31 ms, found 1 plugins.
Preloading 0 native plugins for Editor in 0.00 ms.
Invoked RoslynAnalysisRunner static constructor.
RoslynAnalysisRunner will not be running.
RoslynAnalysisRunner has terminated.
Mono: successfully reloaded assembly
- Completed reload, in  0.797 seconds
Platform modules already initialized, skipping
Refreshing native plugins compatible for Editor in 0.40 ms, found 1 plugins.
Preloading 0 native plugins for Editor in 0.00 ms.
Unloading 1789 Unused Serialized files (Serialized files now loaded: 0)
System memory in use before: 84.1 MB.
System memory in use after: 84.2 MB.

Unloading 7 unused Assets to reduce memory usage. Loaded Objects now: 2252.
Total: 2.084000 ms (FindLiveObjects: 0.307400 ms CreateObjectMapping: 0.089600 ms MarkObjects: 1.666400 ms  DeleteObjects: 0.019300 ms)

========================================================================
Received Import Request.
  Time since last request: 161.903742 seconds.
  path: Assets/One Button Game/Scripts/WinAndLose.cs
  artifactKey: Guid(ec5d599767ba049448b6bbe35caa31fe) Importer(815301076,1909f56bfc062723c751e8b465ee728b)
Start importing Assets/One Button Game/Scripts/WinAndLose.cs using Guid(ec5d599767ba049448b6bbe35caa31fe) Importer(815301076,1909f56bfc062723c751e8b465ee728b)  -> (artifact id: 'a2ac57ff6b7496fbc52c74f87b5d169c') in 0.004719 seconds
  Import took 0.007953 seconds .

========================================================================
Received Prepare
Registering precompiled user dll's ...
Registered in 0.000835 seconds.
Begin MonoManager ReloadAssembly
Native extension for WindowsStandalone target not found
Refreshing native plugins compatible for Editor in 0.32 ms, found 1 plugins.
Preloading 0 native plugins for Editor in 0.00 ms.
Invoked RoslynAnalysisRunner static constructor.
RoslynAnalysisRunner will not be running.
RoslynAnalysisRunner has terminated.
Mono: successfully reloaded assembly
- Completed reload, in  0.829 seconds
Platform modules already initialized, skipping
Refreshing native plugins compatible for Editor in 0.35 ms, found 1 plugins.
Preloading 0 native plugins for Editor in 0.00 ms.
Unloading 1789 Unused Serialized files (Serialized files now loaded: 0)
System memory in use before: 84.2 MB.
System memory in use after: 84.3 MB.

Unloading 7 unused Assets to reduce memory usage. Loaded Objects now: 2255.
Total: 2.289300 ms (FindLiveObjects: 0.190800 ms CreateObjectMapping: 0.072400 ms MarkObjects: 2.006300 ms  DeleteObjects: 0.019100 ms)

========================================================================
Received Prepare
Registering precompiled user dll's ...
Registered in 0.000940 seconds.
Begin MonoManager ReloadAssembly
Native extension for WindowsStandalone target not found
Refreshing native plugins compatible for Editor in 0.31 ms, found 1 plugins.
Preloading 0 native plugins for Editor in 0.00 ms.
Invoked RoslynAnalysisRunner static constructor.
RoslynAnalysisRunner will not be running.
RoslynAnalysisRunner has terminated.
Mono: successfully reloaded assembly
- Completed reload, in  0.798 seconds
Platform modules already initialized, skipping
Refreshing native plugins compatible for Editor in 0.32 ms, found 1 plugins.
Preloading 0 native plugins for Editor in 0.00 ms.
Unloading 1789 Unused Serialized files (Serialized files now loaded: 0)
System memory in use before: 84.3 MB.
System memory in use after: 84.4 MB.

Unloading 7 unused Assets to reduce memory usage. Loaded Objects now: 2258.
Total: 1.826800 ms (FindLiveObjects: 0.164900 ms CreateObjectMapping: 0.066700 ms MarkObjects: 1.566500 ms  DeleteObjects: 0.028100 ms)

========================================================================
Received Prepare
Registering precompiled user dll's ...
Registered in 0.001537 seconds.
Begin MonoManager ReloadAssembly
Native extension for WindowsStandalone target not found
Refreshing native plugins compatible for Editor in 0.32 ms, found 1 plugins.
Preloading 0 native plugins for Editor in 0.00 ms.
Invoked RoslynAnalysisRunner static constructor.
RoslynAnalysisRunner will not be running.
RoslynAnalysisRunner has terminated.
Mono: successfully reloaded assembly
- Completed reload, in  0.801 seconds
Platform modules already initialized, skipping
Refreshing native plugins compatible for Editor in 0.35 ms, found 1 plugins.
Preloading 0 native plugins for Editor in 0.00 ms.
Unloading 1789 Unused Serialized files (Serialized files now loaded: 0)
System memory in use before: 84.4 MB.
System memory in use after: 84.5 MB.

Unloading 7 unused Assets to reduce memory usage. Loaded Objects now: 2261.
Total: 1.829000 ms (FindLiveObjects: 0.181100 ms CreateObjectMapping: 0.067000 ms MarkObjects: 1.562300 ms  DeleteObjects: 0.017800 ms)

========================================================================
Received Prepare
Registering precompiled user dll's ...
Registered in 0.000891 seconds.
Begin MonoManager ReloadAssembly
Native extension for WindowsStandalone target not found
Refreshing native plugins compatible for Editor in 0.31 ms, found 1 plugins.
Preloading 0 native plugins for Editor in 0.00 ms.
Invoked RoslynAnalysisRunner static constructor.
RoslynAnalysisRunner will not be running.
RoslynAnalysisRunner has terminated.
Mono: successfully reloaded assembly
- Completed reload, in  0.816 seconds
Platform modules already initialized, skipping
Refreshing native plugins compatible for Editor in 0.38 ms, found 1 plugins.
Preloading 0 native plugins for Editor in 0.00 ms.
Unloading 1789 Unused Serialized files (Serialized files now loaded: 0)
System memory in use before: 84.5 MB.
System memory in use after: 84.6 MB.

Unloading 7 unused Assets to reduce memory usage. Loaded Objects now: 2264.
Total: 1.821200 ms (FindLiveObjects: 0.169200 ms CreateObjectMapping: 0.063900 ms MarkObjects: 1.572900 ms  DeleteObjects: 0.014300 ms)

========================================================================
Received Prepare
Registering precompiled user dll's ...
Registered in 0.000928 seconds.
Begin MonoManager ReloadAssembly
Native extension for WindowsStandalone target not found
Refreshing native plugins compatible for Editor in 0.31 ms, found 1 plugins.
Preloading 0 native plugins for Editor in 0.00 ms.
Invoked RoslynAnalysisRunner static constructor.
RoslynAnalysisRunner will not be running.
RoslynAnalysisRunner has terminated.
Mono: successfully reloaded assembly
- Completed reload, in  0.821 seconds
Platform modules already initialized, skipping
Refreshing native plugins compatible for Editor in 0.39 ms, found 1 plugins.
Preloading 0 native plugins for Editor in 0.00 ms.
Unloading 1789 Unused Serialized files (Serialized files now loaded: 0)
System memory in use before: 84.6 MB.
System memory in use after: 84.7 MB.

Unloading 7 unused Assets to reduce memory usage. Loaded Objects now: 2267.
Total: 2.030400 ms (FindLiveObjects: 0.193400 ms CreateObjectMapping: 0.066600 ms MarkObjects: 1.751900 ms  DeleteObjects: 0.017800 ms)

========================================================================
Received Import Request.
  Time since last request: 4460.696429 seconds.
  path: Assets/One Button Game/Scripts/WinAndLose.cs
  artifactKey: Guid(ec5d599767ba049448b6bbe35caa31fe) Importer(815301076,1909f56bfc062723c751e8b465ee728b)
Start importing Assets/One Button Game/Scripts/WinAndLose.cs using Guid(ec5d599767ba049448b6bbe35caa31fe) Importer(815301076,1909f56bfc062723c751e8b465ee728b)  -> (artifact id: '041f961bc7a9010169a18db33488ab08') in 0.007970 seconds
  Import took 0.013324 seconds .

========================================================================
Received Import Request.
  Time since last request: 1.030328 seconds.
  path: Assets/One Button Game/Scripts/EnterBottomBox.cs
  artifactKey: Guid(0091aee2fc83c814887cf3eedcb590f9) Importer(815301076,1909f56bfc062723c751e8b465ee728b)
Start importing Assets/One Button Game/Scripts/EnterBottomBox.cs using Guid(0091aee2fc83c814887cf3eedcb590f9) Importer(815301076,1909f56bfc062723c751e8b465ee728b)  -> (artifact id: '8374fcacd6336615ef9402a3e3343577') in 0.002323 seconds
  Import took 0.008003 seconds .

========================================================================
Received Import Request.
  Time since last request: 0.656476 seconds.
  path: Assets/One Button Game/Scripts/Spawn.cs
  artifactKey: Guid(a832d6568f9029d47a7639e41764fddf) Importer(815301076,1909f56bfc062723c751e8b465ee728b)
Start importing Assets/One Button Game/Scripts/Spawn.cs using Guid(a832d6568f9029d47a7639e41764fddf) Importer(815301076,1909f56bfc062723c751e8b465ee728b)  -> (artifact id: '59d8286210dc1af59b3dc697eaaa346a') in 0.006863 seconds
  Import took 0.011058 seconds .

========================================================================
Received Import Request.
  Time since last request: 154.279538 seconds.
  path: Assets/One Button Game/Scripts/LevelControl.cs
  artifactKey: Guid(c2bb076ef4d3c7b4d8eb363b4aa2037c) Importer(815301076,1909f56bfc062723c751e8b465ee728b)
Start importing Assets/One Button Game/Scripts/LevelControl.cs using Guid(c2bb076ef4d3c7b4d8eb363b4aa2037c) Importer(815301076,1909f56bfc062723c751e8b465ee728b)  -> (artifact id: 'd5a43ed7a2b02a61b9542887fff23d37') in 0.009277 seconds
  Import took 0.014305 seconds .

========================================================================
Received Prepare
Registering precompiled user dll's ...
Registered in 0.000817 seconds.
Begin MonoManager ReloadAssembly
Native extension for WindowsStandalone target not found
Refreshing native plugins compatible for Editor in 0.35 ms, found 1 plugins.
Preloading 0 native plugins for Editor in 0.00 ms.
Invoked RoslynAnalysisRunner static constructor.
RoslynAnalysisRunner will not be running.
RoslynAnalysisRunner has terminated.
Mono: successfully reloaded assembly
- Completed reload, in  0.876 seconds
Platform modules already initialized, skipping
Refreshing native plugins compatible for Editor in 0.36 ms, found 1 plugins.
Preloading 0 native plugins for Editor in 0.00 ms.
Unloading 1790 Unused Serialized files (Serialized files now loaded: 0)
System memory in use before: 84.7 MB.
System memory in use after: 84.8 MB.

Unloading 7 unused Assets to reduce memory usage. Loaded Objects now: 2271.
Total: 2.330700 ms (FindLiveObjects: 0.275700 ms CreateObjectMapping: 0.080300 ms MarkObjects: 1.954100 ms  DeleteObjects: 0.019500 ms)

========================================================================
Received Prepare
Registering precompiled user dll's ...
Registered in 0.000839 seconds.
Begin MonoManager ReloadAssembly
Native extension for WindowsStandalone target not found
Refreshing native plugins compatible for Editor in 0.31 ms, found 1 plugins.
Preloading 0 native plugins for Editor in 0.00 ms.
Invoked RoslynAnalysisRunner static constructor.
RoslynAnalysisRunner will not be running.
RoslynAnalysisRunner has terminated.
Mono: successfully reloaded assembly
- Completed reload, in  0.822 seconds
Platform modules already initialized, skipping
Refreshing native plugins compatible for Editor in 0.38 ms, found 1 plugins.
Preloading 0 native plugins for Editor in 0.00 ms.
Unloading 1790 Unused Serialized files (Serialized files now loaded: 0)
System memory in use before: 84.8 MB.
System memory in use after: 84.9 MB.

Unloading 7 unused Assets to reduce memory usage. Loaded Objects now: 2274.
Total: 2.153700 ms (FindLiveObjects: 0.209600 ms CreateObjectMapping: 0.073900 ms MarkObjects: 1.854500 ms  DeleteObjects: 0.014500 ms)

========================================================================
Received Import Request.
  Time since last request: 60.472078 seconds.
  path: Assets/One Button Game/Scripts/LevelControl.cs
  artifactKey: Guid(c2bb076ef4d3c7b4d8eb363b4aa2037c) Importer(815301076,1909f56bfc062723c751e8b465ee728b)
Start importing Assets/One Button Game/Scripts/LevelControl.cs using Guid(c2bb076ef4d3c7b4d8eb363b4aa2037c) Importer(815301076,1909f56bfc062723c751e8b465ee728b)  -> (artifact id: '657bf37a65c475e7fa25603eda74da64') in 0.006807 seconds
  Import took 0.011717 seconds .

========================================================================
Received Prepare
Registering precompiled user dll's ...
Registered in 0.000866 seconds.
Begin MonoManager ReloadAssembly
Native extension for WindowsStandalone target not found
Refreshing native plugins compatible for Editor in 0.32 ms, found 1 plugins.
Preloading 0 native plugins for Editor in 0.00 ms.
Invoked RoslynAnalysisRunner static constructor.
RoslynAnalysisRunner will not be running.
RoslynAnalysisRunner has terminated.
Mono: successfully reloaded assembly
- Completed reload, in  0.812 seconds
Platform modules already initialized, skipping
Refreshing native plugins compatible for Editor in 0.39 ms, found 1 plugins.
Preloading 0 native plugins for Editor in 0.00 ms.
Unloading 1790 Unused Serialized files (Serialized files now loaded: 0)
System memory in use before: 84.9 MB.
System memory in use after: 85.0 MB.

Unloading 7 unused Assets to reduce memory usage. Loaded Objects now: 2277.
Total: 1.794800 ms (FindLiveObjects: 0.179100 ms CreateObjectMapping: 0.070000 ms MarkObjects: 1.527800 ms  DeleteObjects: 0.017200 ms)

========================================================================
Received Prepare
Registering precompiled user dll's ...
Registered in 0.000854 seconds.
Begin MonoManager ReloadAssembly
Native extension for WindowsStandalone target not found
Refreshing native plugins compatible for Editor in 0.35 ms, found 1 plugins.
Preloading 0 native plugins for Editor in 0.00 ms.
Invoked RoslynAnalysisRunner static constructor.
RoslynAnalysisRunner will not be running.
RoslynAnalysisRunner has terminated.
Mono: successfully reloaded assembly
- Completed reload, in  0.819 seconds
Platform modules already initialized, skipping
Refreshing native plugins compatible for Editor in 0.37 ms, found 1 plugins.
Preloading 0 native plugins for Editor in 0.00 ms.
Unloading 1789 Unused Serialized files (Serialized files now loaded: 0)
System memory in use before: 84.9 MB.
System memory in use after: 85.0 MB.

Unloading 8 unused Assets to reduce memory usage. Loaded Objects now: 2279.
Total: 2.065100 ms (FindLiveObjects: 0.297000 ms CreateObjectMapping: 0.105600 ms MarkObjects: 1.640500 ms  DeleteObjects: 0.020500 ms)

========================================================================
Received Prepare
Registering precompiled user dll's ...
Registered in 0.000770 seconds.
Begin MonoManager ReloadAssembly
Native extension for WindowsStandalone target not found
Refreshing native plugins compatible for Editor in 0.46 ms, found 1 plugins.
Preloading 0 native plugins for Editor in 0.00 ms.
Invoked RoslynAnalysisRunner static constructor.
RoslynAnalysisRunner will not be running.
RoslynAnalysisRunner has terminated.
Mono: successfully reloaded assembly
- Completed reload, in  0.816 seconds
Platform modules already initialized, skipping
Refreshing native plugins compatible for Editor in 0.46 ms, found 1 plugins.
Preloading 0 native plugins for Editor in 0.00 ms.
Unloading 1789 Unused Serialized files (Serialized files now loaded: 0)
System memory in use before: 85.0 MB.
System memory in use after: 85.1 MB.

Unloading 7 unused Assets to reduce memory usage. Loaded Objects now: 2282.
Total: 1.772000 ms (FindLiveObjects: 0.192100 ms CreateObjectMapping: 0.064200 ms MarkObjects: 1.494600 ms  DeleteObjects: 0.020400 ms)

========================================================================
Received Prepare
Registering precompiled user dll's ...
Registered in 0.000915 seconds.
Begin MonoManager ReloadAssembly
Native extension for WindowsStandalone target not found
Refreshing native plugins compatible for Editor in 0.31 ms, found 1 plugins.
Preloading 0 native plugins for Editor in 0.00 ms.
Invoked RoslynAnalysisRunner static constructor.
RoslynAnalysisRunner will not be running.
RoslynAnalysisRunner has terminated.
Mono: successfully reloaded assembly
- Completed reload, in  0.800 seconds
Platform modules already initialized, skipping
Refreshing native plugins compatible for Editor in 0.34 ms, found 1 plugins.
Preloading 0 native plugins for Editor in 0.00 ms.
Unloading 1789 Unused Serialized files (Serialized files now loaded: 0)
System memory in use before: 85.1 MB.
System memory in use after: 85.2 MB.

Unloading 7 unused Assets to reduce memory usage. Loaded Objects now: 2285.
Total: 2.094800 ms (FindLiveObjects: 0.175800 ms CreateObjectMapping: 0.072600 ms MarkObjects: 1.830600 ms  DeleteObjects: 0.014900 ms)

========================================================================
Received Prepare
Registering precompiled user dll's ...
Registered in 0.000830 seconds.
Begin MonoManager ReloadAssembly
Native extension for WindowsStandalone target not found
Refreshing native plugins compatible for Editor in 0.32 ms, found 1 plugins.
Preloading 0 native plugins for Editor in 0.00 ms.
Invoked RoslynAnalysisRunner static constructor.
RoslynAnalysisRunner will not be running.
RoslynAnalysisRunner has terminated.
Mono: successfully reloaded assembly
- Completed reload, in  0.800 seconds
Platform modules already initialized, skipping
Refreshing native plugins compatible for Editor in 0.44 ms, found 1 plugins.
Preloading 0 native plugins for Editor in 0.00 ms.
Unloading 1789 Unused Serialized files (Serialized files now loaded: 0)
System memory in use before: 85.2 MB.
System memory in use after: 85.3 MB.

Unloading 7 unused Assets to reduce memory usage. Loaded Objects now: 2288.
Total: 1.918600 ms (FindLiveObjects: 0.177800 ms CreateObjectMapping: 0.069300 ms MarkObjects: 1.625200 ms  DeleteObjects: 0.045400 ms)

AssetImportWorkerClient::OnTransportError - code=2 error=End of file
